<?xml version="1.0" encoding="UTF-8"?>
<!-- Generated by org.testng.reporters.JUnitXMLReporter -->
<testsuite ignored="0" hostname="DESKTOP-N4D8I24" failures="0" tests="3" name="Surefire test" time="1.8" errors="0" timestamp="2023-06-18T08:41:59 IST">
  <testcase classname="testbase.BaseClass" name="@BeforeClass setup" time="-1.687057918173E9">
    <failure type="org.testng.TestNGException" message="
Parameter &amp;apos;browser&amp;apos; is required by BeforeClass on method setup but has not been marked @Optional or defined
">
      <![CDATA[org.testng.TestNGException: 
Parameter 'browser' is required by BeforeClass on method setup but has not been marked @Optional or defined

at java.base/java.util.ArrayList.forEach(ArrayList.java:1511)
... Removed 26 stack frames]]>
    </failure>
  </testcase> <!-- @BeforeClass setup -->
  <testcase classname="testbase.BaseClass" name="@AfterClass teadDown" time="-1.687057918198E9">
    <skipped/>
  </testcase> <!-- @AfterClass teadDown -->
  <testcase classname="testbase.BaseClass" name="@BeforeClass setup" time="-1.6870579182E9">
    <failure type="org.testng.TestNGException" message="
Parameter &amp;apos;browser&amp;apos; is required by BeforeClass on method setup but has not been marked @Optional or defined
">
      <![CDATA[org.testng.TestNGException: 
Parameter 'browser' is required by BeforeClass on method setup but has not been marked @Optional or defined

at java.base/java.util.ArrayList.forEach(ArrayList.java:1511)
... Removed 26 stack frames]]>
    </failure>
  </testcase> <!-- @BeforeClass setup -->
  <testcase classname="testbase.BaseClass" name="@AfterClass teadDown" time="-1.687057919946E9">
    <skipped/>
  </testcase> <!-- @AfterClass teadDown -->
  <testcase classname="testcase.TC_002_LoginTest" name="test_login" time="0.0">
    <skipped/>
  </testcase> <!-- test_login -->
  <testcase classname="testcase.TC_003_LoginDataDrivenTest" name="test_LoginDDT" time="0.0">
    <skipped/>
  </testcase> <!-- test_LoginDDT -->
  <testcase classname="testcase.TC_003_LoginDataDrivenTest" name="test_LoginDDT" time="0.0">
    <skipped/>
  </testcase> <!-- test_LoginDDT -->
</testsuite> <!-- Surefire test -->
